<?xml version="1.0" encoding="UTF-8"?>
<!-- Generated by org.testng.reporters.JUnitReportReporter -->
<testsuite skipped="0" hostname="DESKTOP-S8UUUM9" name="model.mouseOver01" tests="1" failures="0" timestamp="2020-06-16T12:17:34 EDT" time="4.022" errors="0">
  <testcase name="login" time="4.022" classname="model.mouseOver01"/>
  <system-out>
==TC Runed==  </system-out>
</testsuite> <!-- model.mouseOver01 -->
