<?xml version="1.0" encoding="UTF-8"?>
<!-- Generated by org.testng.reporters.JUnitReportReporter -->
<testsuite skipped="0" hostname="DESKTOP-S8UUUM9" name="actionClasstestNg.mouseOver" tests="4" failures="0" timestamp="2020-04-24T16:38:12 EDT" time="26.104" errors="0">
  <testcase name="mouseoverm" time="3.622" classname="actionClasstestNg.mouseOver"/>
  <system-out>
===mouse on women=== ==clicked==  </system-out>
  <testcase name="addToCart" time="13.025" classname="actionClasstestNg.mouseOver"/>
  <system-out/>
  <testcase name="productDetailPage" time="6.164" classname="actionClasstestNg.mouseOver"/>
  <system-out/>
  <testcase name="login" time="3.293" classname="actionClasstestNg.mouseOver"/>
  <system-out>
==TC Runed==  </system-out>
</testsuite> <!-- actionClasstestNg.mouseOver -->
