<?xml version="1.0" encoding="UTF-8"?>
<!-- Generated by org.testng.reporters.JUnitReportReporter -->
<testsuite skipped="0" hostname="DESKTOP-S8UUUM9" name="model.mouseOver01" tests="2" failures="0" timestamp="2020-06-20T21:13:24 EDT" time="11.088" errors="0">
  <testcase name="login" time="6.892" classname="model.mouseOver01"/>
  <system-out>
==TC Runed==  </system-out>
  <testcase name="mouseoverm" time="4.196" classname="model.mouseOver01"/>
  <system-out>
===mouse on women module=== ==clicked==  </system-out>
</testsuite> <!-- model.mouseOver01 -->
