<?xml version="1.0" encoding="UTF-8"?>
<!-- Generated by org.testng.reporters.JUnitReportReporter -->
<testsuite skipped="0" hostname="DESKTOP-S8UUUM9" name="base.googletest" tests="1" failures="0" timestamp="2020-04-22T14:18:34 EDT" time="7.400" errors="0">
  <testcase name="surchbox" time="7.400" classname="base.googletest"/>
  <system-out>
=======Profile clicked======  </system-out>
</testsuite> <!-- base.googletest -->
