<?xml version="1.0" encoding="UTF-8"?>
<!-- Generated by org.testng.reporters.JUnitReportReporter -->
<testsuite skipped="0" hostname="DESKTOP-S8UUUM9" name="model.Test003" tests="1" failures="0" timestamp="2020-06-16T12:29:38 EDT" time="0.219" errors="0">
  <testcase name="GitTest" time="0.219" classname="model.Test003"/>
  <system-out/>
</testsuite> <!-- model.Test003 -->
